Export time: 2016/11/01 12:52:27 GMT
Export duration: 73.677s

Export settings:
	Export Geometry: Models with Shape Fallback
	Output Path: C:\Users\VC\Desktop\MiniCity
	Simplify Terrain Meshes: true
	Terrain Layers: Export all selected terrain layers
	applicationName: CityEngine
	applicationString: CityEngine 2016.1.2875 0919R
	applicationVendor: Esri R&D Center Zurich Inc.
	applicationVersion: 2016.1.2875 09191336
	atlasAddWrapBorder: true
	author: VC
	baseName: MiniCity
	collectTextures: true
	createTextureAtlases: false
	encoderID: com.esri.prt.codecs.OBJEncoder
	encoderName: Wavefront OBJ
	errorFallback: true
	existingFiles: OVERWRITE
	facesWithHoles: TRIANGULATE_FACES_WITH_HOLES
	fileGranularity: MEMORY_BUDGET
	globalOffset: [ 6.013427734375, -0.0, -32.17323303222656 ]
	includeMaterials: true
	localOffset: NONE
	maxAtlasDim: 11
	memoryBudget: 500
	mergeNormals: true
	mergeTexcoords: true
	mergeVertices: true
	meshGranularity: PER_MATERIAL
	normalPrecision: 0.001
	sceneFile: /Example_Redlands_Redevelopment__2013_1/scenes/mini.cej
	script: 
	shapeNameDelimiter: _
	texcoordPrecision: 1.0E-4
	textureCoordinates: FIRST
	triangulateMeshes: false
	vertexNormals: PASS
	vertexPrecision: 0.001
	writeLog: true

Initial shapes:
	  0 :   OK                'Shape'             OID '48897276-7df2-11b2-9787-00509974f077:0'
	  1 :   OK                'Shape'             OID '48897276-7df2-11b2-9787-00509974f077:1'
	  2 :   OK                'Shape'             OID '48897276-7df2-11b2-9787-00509974f077:2'
	  3 :   OK                'Shape'             OID '4889d17d-7df2-11b2-9787-00509974f077:0'
	  4 :   OK                'Shape'             OID '4889d17d-7df2-11b2-9787-00509974f077:1'
	  5 :   OK                'Shape'             OID '4889d17d-7df2-11b2-9787-00509974f077:2'
	  6 :   OK                'Shape'             OID '4889d17d-7df2-11b2-9787-00509974f077:3'
	  7 :   OK                'Shape'             OID '4889d17d-7df2-11b2-9787-00509974f077:4'
	  8 :   OK                'Shape'             OID '07da6cb0-7df4-11b2-9787-00509974f077:0'
	  9 :   OK                'Shape'             OID '07da6cb0-7df4-11b2-9787-00509974f077:1'
	 10 :   OK                'Shape'             OID '07da6cb0-7df4-11b2-9787-00509974f077:2'
	 11 :   OK                'Shape'             OID '07da6cb0-7df4-11b2-9787-00509974f077:3'
	 12 :   OK                'Shape'             OID '07da6cb0-7df4-11b2-9787-00509974f077:4'
	 13 :   OK                'Shape'             OID '0886f342-7df4-11b2-9787-00509974f077:0'
	 14 :   OK                'Shape'             OID '0886f342-7df4-11b2-9787-00509974f077:1'
	 15 :   OK                'Shape'             OID '0886f342-7df4-11b2-9787-00509974f077:2'
	 16 :   OK                'Shape'             OID '088fd96b-7df4-11b2-9787-00509974f077:0'
	 17 :   OK                'Shape'             OID '088fd96b-7df4-11b2-9787-00509974f077:1'
	 18 :   OK                'Shape'             OID '088fd96b-7df4-11b2-9787-00509974f077:2'
	 19 :   OK                'Shape'             OID 'e59410a9-7df4-11b2-9787-00509974f077:0'
	 20 :   OK                'Shape'             OID 'e59410a9-7df4-11b2-9787-00509974f077:1'
	 21 :   OK                'Shape'             OID 'e59410a9-7df4-11b2-9787-00509974f077:2'
	 22 :   OK                'Shape'             OID 'e59410a9-7df4-11b2-9787-00509974f077:3'
	 23 :   OK                'Shape'             OID 'e59410a9-7df4-11b2-9787-00509974f077:4'
	 24 :   OK                'Shape'             OID 'e597fb74-7df4-11b2-9787-00509974f077:0'
	 25 :   OK                'Shape'             OID 'e597fb74-7df4-11b2-9787-00509974f077:1'
	 26 :   OK                'Shape'             OID 'e597fb74-7df4-11b2-9787-00509974f077:2'
	 27 :   OK                'Shape'             OID 'e59c3c85-7df4-11b2-9787-00509974f077:0'
	 28 :   OK                'Shape'             OID 'e59c3c85-7df4-11b2-9787-00509974f077:1'
	 29 :   OK                'Shape'             OID 'e59c3c85-7df4-11b2-9787-00509974f077:2'
	 30 :   OK                'Shape'             OID 'e96abced-7df4-11b2-9787-00509974f077:0'
	 31 :   OK                'Shape'             OID 'e96abced-7df4-11b2-9787-00509974f077:1'
	 32 :   OK                'Shape'             OID 'e96abced-7df4-11b2-9787-00509974f077:2'
	 33 :   OK                'Shape'             OID 'e96abced-7df4-11b2-9787-00509974f077:3'
	 34 :   OK                'Shape'             OID 'e96abced-7df4-11b2-9787-00509974f077:4'
	 35 :   OK                'Shape'             OID 'e96b11f3-7df4-11b2-9787-00509974f077:0'
	 36 :   OK                'Shape'             OID 'e96b11f3-7df4-11b2-9787-00509974f077:1'
	 37 :   OK                'Shape'             OID 'e96b11f3-7df4-11b2-9787-00509974f077:2'
	 38 :   OK                'Shape'             OID 'e978b136-7df4-11b2-9787-00509974f077:0'
	 39 :   OK                'Shape'             OID 'e978b136-7df4-11b2-9787-00509974f077:1'
	 40 :   OK                'Shape'             OID 'e978b136-7df4-11b2-9787-00509974f077:2'
	 41 :   OK                'Shape'             OID 'ea1ca1a4-7df4-11b2-9787-00509974f077:0'
	 42 :   OK                'Shape'             OID 'ea1ca1a4-7df4-11b2-9787-00509974f077:1'
	 43 :   OK                'Shape'             OID 'ea1ca1a4-7df4-11b2-9787-00509974f077:2'
	 44 :   OK                'Shape'             OID 'ea1ca1a4-7df4-11b2-9787-00509974f077:3'
	 45 :   OK                'Shape'             OID 'ea1ca1a4-7df4-11b2-9787-00509974f077:4'
	 46 :   OK                'Shape'             OID 'ea1ca1a4-7df4-11b2-9787-00509974f077:5'
	 47 :   OK                'Shape'             OID 'ea1ca1a4-7df4-11b2-9787-00509974f077:6'
	 48 :   OK                'Shape'             OID 'fa98985c-7df5-11b2-9787-00509974f077:0'
	 49 :   OK                'Shape'             OID 'fa98985c-7df5-11b2-9787-00509974f077:1'
	 50 :   OK                'Shape'             OID 'fa98985c-7df5-11b2-9787-00509974f077:2'
	 51 :   OK                'Shape'             OID 'fa98985c-7df5-11b2-9787-00509974f077:3'
	 52 :   OK                'Shape'             OID 'fa98985c-7df5-11b2-9787-00509974f077:4'
	 53 :   OK                'Shape'             OID 'fa9907a5-7df5-11b2-9787-00509974f077:0'
	 54 :   OK                'Shape'             OID 'fa9907a5-7df5-11b2-9787-00509974f077:1'
	 55 :   OK                'Shape'             OID 'fa9907a5-7df5-11b2-9787-00509974f077:2'
	 56 :   OK                'Shape'             OID 'fa9b9a96-7df5-11b2-9787-00509974f077:0'
	 57 :   OK                'Shape'             OID 'fa9b9a96-7df5-11b2-9787-00509974f077:1'
	 58 :   OK                'Shape'             OID 'fa9b9a96-7df5-11b2-9787-00509974f077:2'
	 59 :   OK                'Shape'             OID 'fa9fa5e3-7df5-11b2-9787-00509974f077:0'
	 60 :   OK                'Shape'             OID 'fa9fa5e3-7df5-11b2-9787-00509974f077:1'
	 61 :   OK                'Shape'             OID 'fa9fa5e3-7df5-11b2-9787-00509974f077:2'
	 62 :   OK                'Shape'             OID 'fe9f83b6-7df5-11b2-9787-00509974f077:0'
	 63 :   OK                'Shape'             OID 'fe9f83b6-7df5-11b2-9787-00509974f077:1'
	 64 :   OK                'Shape'             OID 'fe9f83b6-7df5-11b2-9787-00509974f077:2'
	 65 :   OK                'Shape'             OID 'fe9f83b6-7df5-11b2-9787-00509974f077:3'
	 66 :   OK                'Shape'             OID 'fe9f83b6-7df5-11b2-9787-00509974f077:4'
	 67 :   OK                'Shape'             OID 'fe9fc4ba-7df5-11b2-9787-00509974f077:0'
	 68 :   OK                'Shape'             OID 'fe9fc4ba-7df5-11b2-9787-00509974f077:1'
	 69 :   OK                'Shape'             OID 'fe9fc4ba-7df5-11b2-9787-00509974f077:2'
	 70 :   OK                'Shape'             OID 'fead7bbf-7df5-11b2-9787-00509974f077:0'
	 71 :   OK                'Shape'             OID 'fead7bbf-7df5-11b2-9787-00509974f077:1'
	 72 :   OK                'Shape'             OID 'fead7bbf-7df5-11b2-9787-00509974f077:2'
	 73 :   OK                'Shape'             OID 'feadc445-7df5-11b2-9787-00509974f077:0'
	 74 :   OK                'Shape'             OID 'feadc445-7df5-11b2-9787-00509974f077:1'
	 75 :   OK                'Shape'             OID 'feadc445-7df5-11b2-9787-00509974f077:2'
	 76 :   OK                'Shape'             OID 'ff6326ff-7df5-11b2-9787-00509974f077:0'
	 77 :   OK                'Shape'             OID 'ff6326ff-7df5-11b2-9787-00509974f077:1'
	 78 :   OK                'Shape'             OID 'ff6326ff-7df5-11b2-9787-00509974f077:2'
	 79 :   OK                'Shape'             OID 'ff6326ff-7df5-11b2-9787-00509974f077:3'
	 80 :   OK                'Shape'             OID 'ff6326ff-7df5-11b2-9787-00509974f077:4'
	 81 :   OK                'Shape'             OID 'ff6326ff-7df5-11b2-9787-00509974f077:5'
	 82 :   OK                'Shape'             OID 'ff6326ff-7df5-11b2-9787-00509974f077:6'
	 83 :   OK                'Shape'             OID 'ff6326ff-7df5-11b2-9787-00509974f077:7'
	 84 :   OK                'Shape'             OID 'ff6326ff-7df5-11b2-9787-00509974f077:8'
	 85 :   OK                'Shape'             OID 'ff6326ff-7df5-11b2-9787-00509974f077:9'
	 86 :   OK                'Shape'             OID 'ff6326ff-7df5-11b2-9787-00509974f077:a'
	 87 :   OK                'Shape'             OID 'a2ed937b-7df6-11b2-9787-00509974f077:0'
	 88 :   OK                'Shape'             OID 'a2ed937b-7df6-11b2-9787-00509974f077:1'
	 89 :   OK                'Shape'             OID 'a2ed937b-7df6-11b2-9787-00509974f077:2'
	 90 :   OK                'Shape'             OID 'a2ed937b-7df6-11b2-9787-00509974f077:3'
	 91 :   OK                'Shape'             OID 'a2ed937b-7df6-11b2-9787-00509974f077:4'
	 92 :   OK                'Shape'             OID 'a2ee02c3-7df6-11b2-9787-00509974f077:0'
	 93 :   OK                'Shape'             OID 'a2ee02c3-7df6-11b2-9787-00509974f077:1'
	 94 :   OK                'Shape'             OID 'a2ee02c3-7df6-11b2-9787-00509974f077:2'
	 95 :   OK                'Shape'             OID 'a2f07b72-7df6-11b2-9787-00509974f077:0'
	 96 :   OK                'Shape'             OID 'a2f07b72-7df6-11b2-9787-00509974f077:1'
	 97 :   OK                'Shape'             OID 'a2f07b72-7df6-11b2-9787-00509974f077:2'
	 98 :   OK                'Shape'             OID 'a2f405f6-7df6-11b2-9787-00509974f077:0'
	 99 :   OK                'Shape'             OID 'a2f405f6-7df6-11b2-9787-00509974f077:1'
	100 :   OK                'Shape'             OID 'a2f405f6-7df6-11b2-9787-00509974f077:2'
	101 :   OK                'Shape'             OID 'a2f405f6-7df6-11b2-9787-00509974f077:3'
	102 :   OK                'Shape'             OID 'a2f405f6-7df6-11b2-9787-00509974f077:4'
	103 :   OK                'Shape'             OID 'a2f4393a-7df6-11b2-9787-00509974f077:0'
	104 :   OK                'Shape'             OID 'a2f4393a-7df6-11b2-9787-00509974f077:1'
	105 :   OK                'Shape'             OID 'a2f4393a-7df6-11b2-9787-00509974f077:2'
	106 :   OK                'Shape'             OID 'a2f5fb5b-7df6-11b2-9787-00509974f077:0'
	107 :   OK                'Shape'             OID 'a2f5fb5b-7df6-11b2-9787-00509974f077:1'
	108 :   OK                'Shape'             OID 'a2f5fb5b-7df6-11b2-9787-00509974f077:2'
	109 :   OK                'Shape'             OID 'a77a7d49-7df6-11b2-9787-00509974f077:0'
	110 :   OK                'Shape'             OID 'a77a7d49-7df6-11b2-9787-00509974f077:1'
	111 :   OK                'Shape'             OID 'a77a7d49-7df6-11b2-9787-00509974f077:2'
	112 :   OK                'Shape'             OID 'a77a7d49-7df6-11b2-9787-00509974f077:3'
	113 :   OK                'Shape'             OID 'a77a7d49-7df6-11b2-9787-00509974f077:4'
	114 :   OK                'Shape'             OID 'a77acacf-7df6-11b2-9787-00509974f077:0'
	115 :   OK                'Shape'             OID 'a77acacf-7df6-11b2-9787-00509974f077:1'
	116 :   OK                'Shape'             OID 'a77acacf-7df6-11b2-9787-00509974f077:2'
	117 :   OK                'Shape'             OID 'a77af692-7df6-11b2-9787-00509974f077:0'
	118 :   OK                'Shape'             OID 'a77af692-7df6-11b2-9787-00509974f077:1'
	119 :   OK                'Shape'             OID 'a77af692-7df6-11b2-9787-00509974f077:2'
	120 :   OK                'Shape'             OID 'a78ae7c1-7df6-11b2-9787-00509974f077:0'
	121 :   OK                'Shape'             OID 'a78ae7c1-7df6-11b2-9787-00509974f077:1'
	122 :   OK                'Shape'             OID 'a78ae7c1-7df6-11b2-9787-00509974f077:2'
	123 :   OK                'Shape'             OID 'a78b3187-7df6-11b2-9787-00509974f077:0'
	124 :   OK                'Shape'             OID 'a78b3187-7df6-11b2-9787-00509974f077:1'
	125 :   OK                'Shape'             OID 'a78b3187-7df6-11b2-9787-00509974f077:2'
	126 :   OK                'Shape'             OID 'a8476fc4-7df6-11b2-9787-00509974f077:0'
		CGA Warnings:
			[Method: 'Default$Greenspace_Rules$GreenSpace'] color(): Color with invalid argument '', ignoring operation.
	127 :   OK                'Shape'             OID 'a8504bec-7df6-11b2-9787-00509974f077:0'
		CGA Warnings:
			[Method: 'Default$Greenspace_Rules$GreenSpace'] color(): Color with invalid argument '', ignoring operation.
	128 :   OK                'Shape'             OID 'a8504bec-7df6-11b2-9787-00509974f077:1'
	129 :   OK                'Shape'             OID 'a8504bec-7df6-11b2-9787-00509974f077:2'
		CGA Warnings:
			[Method: 'Default$Greenspace_Rules$GreenSpace'] color(): Color with invalid argument '', ignoring operation.
	130 :   OK                'Shape'             OID 'a8504bec-7df6-11b2-9787-00509974f077:3'
	131 :   OK                'Shape'             OID 'a64de49f-7df7-11b2-9787-00509974f077:0'
	132 :   OK                'Shape'             OID 'a64de49f-7df7-11b2-9787-00509974f077:1'
	133 :   OK                'Shape'             OID 'a64de49f-7df7-11b2-9787-00509974f077:2'
	134 :   OK                'Shape'             OID 'a65221ef-7df7-11b2-9787-00509974f077:0'
	135 :   OK                'Shape'             OID 'a65221ef-7df7-11b2-9787-00509974f077:1'
	136 :   OK                'Shape'             OID 'a65221ef-7df7-11b2-9787-00509974f077:2'
	137 :   OK                'Shape'             OID '5de9b9d3-7df8-11b2-9787-00509974f077:0'
	138 :   OK                'Shape'             OID '5de9b9d3-7df8-11b2-9787-00509974f077:1'
	139 :   OK                'Shape'             OID '5de9b9d3-7df8-11b2-9787-00509974f077:2'
	140 :   OK                'Shape'             OID '5deea4f0-7df8-11b2-9787-00509974f077:0'
	141 :   OK                'Shape'             OID '5deea4f0-7df8-11b2-9787-00509974f077:1'
	142 :   OK                'Shape'             OID '5deea4f0-7df8-11b2-9787-00509974f077:2'
	143 :   OK                'Shape'             OID 'e82c0fac-7df8-11b2-9787-00509974f077:0'
	144 :   OK                'Shape'             OID 'e82c0fac-7df8-11b2-9787-00509974f077:1'
	145 :   OK                'Shape'             OID 'e82c0fac-7df8-11b2-9787-00509974f077:2'
	146 :   OK                'Shape'             OID 'e830547d-7df8-11b2-9787-00509974f077:0'
	147 :   OK                'Shape'             OID 'e830547d-7df8-11b2-9787-00509974f077:1'
	148 :   OK                'Shape'             OID 'e830547d-7df8-11b2-9787-00509974f077:2'
	149 :   OK                'Shape'             OID '7f54b023-7df9-11b2-9787-00509974f077:0'
	150 :   OK                'Shape'             OID '7f54b023-7df9-11b2-9787-00509974f077:1'
	151 :   OK                'Shape'             OID '7f54b023-7df9-11b2-9787-00509974f077:2'
	152 :   OK                'Shape'             OID '7f58fc75-7df9-11b2-9787-00509974f077:0'
	153 :   OK                'Shape'             OID '7f58fc75-7df9-11b2-9787-00509974f077:1'
	154 :   OK                'Shape'             OID '7f58fc75-7df9-11b2-9787-00509974f077:2'
	155 :   OK                'Shape'             OID '3493b767-7dfa-11b2-9787-00509974f077:0'
	156 :   OK                'Shape'             OID '3493b767-7dfa-11b2-9787-00509974f077:1'
	157 :   OK                'Shape'             OID '3493b767-7dfa-11b2-9787-00509974f077:2'
	158 :   OK                'Shape'             OID '3498c307-7dfa-11b2-9787-00509974f077:0'
	159 :   OK                'Shape'             OID '3498c307-7dfa-11b2-9787-00509974f077:1'
	160 :   OK                'Shape'             OID '3498c307-7dfa-11b2-9787-00509974f077:2'
	161 :   OK                'Shape'             OID 'a1ba0a4f-7dfa-11b2-9787-00509974f077:0'
	162 :   OK                'Shape'             OID 'a1ba0a4f-7dfa-11b2-9787-00509974f077:1'
	163 :   OK                'Shape'             OID 'a1ba0a4f-7dfa-11b2-9787-00509974f077:2'
	164 :   OK                'Shape'             OID 'a1be5060-7dfa-11b2-9787-00509974f077:0'
	165 :   OK                'Shape'             OID 'a1be5060-7dfa-11b2-9787-00509974f077:1'
	166 :   OK                'Shape'             OID 'a1be5060-7dfa-11b2-9787-00509974f077:2'
	167 :   OK                'Shape'             OID '6a828170-7dfb-11b2-9787-00509974f077:0'
	168 :   OK                'Shape'             OID '6a828170-7dfb-11b2-9787-00509974f077:1'
	169 :   OK                'Shape'             OID '6a828170-7dfb-11b2-9787-00509974f077:2'
	170 :   OK                'Shape'             OID '6a878bd0-7dfb-11b2-9787-00509974f077:0'
	171 :   OK                'Shape'             OID '6a878bd0-7dfb-11b2-9787-00509974f077:1'
	172 :   OK                'Shape'             OID '6a878bd0-7dfb-11b2-9787-00509974f077:2'
	173 :   OK                'Shape'             OID '24713917-7dfc-11b2-9787-00509974f077:0'
	174 :   OK                'Shape'             OID '24713917-7dfc-11b2-9787-00509974f077:1'
	175 :   OK                'Shape'             OID '24713917-7dfc-11b2-9787-00509974f077:2'
	176 :   OK                'Shape'             OID '2475f0f1-7dfc-11b2-9787-00509974f077:0'
	177 :   OK                'Shape'             OID '2475f0f1-7dfc-11b2-9787-00509974f077:1'
	178 :   OK                'Shape'             OID '2475f0f1-7dfc-11b2-9787-00509974f077:2'

Assets with errors/warnings/infos:
	<initial shape geometry>:
		Warning: Geometry ' (mesh: Shape)' contained:  some inconsistent faces (split or removed); ; Geometry '' contained (1/0/3) unreferenced vertices/vertex normals/texture coordinates, they were removed.
		Warning: Geometry ' (mesh: Shape)' contained: 1 0-angles (removed); 
		Warning: Geometry ' (mesh: Shape)' contained: 1 0-length edges (removed); 
		Warning: Geometry ' (mesh: Shape)' contained:  some inconsistent faces (split or removed); 1 0-angles (removed); ; Geometry '' contained (0/0/6) unreferenced vertices/vertex normals/texture coordinates, they were removed.
	/Example_Redlands_Redevelopment__2013_1/assets/3D_City_Design_Assets/People_by_lowpolygon3d_com/Person_23.obj:
		Warning: Geometry 'file:/C:/Users/VC/Workspaces/CityEngine/Example_Redlands_Redevelopment__2013_1/assets/3D_City_Design_Assets/People_by_lowpolygon3d_com/Person_23.obj (mesh: Person_23)' contained: 4 0-length edges (removed); 


Files created:
	'MiniCity_0.obj':
		Initial shapes:
			0, 1, 2, 3, 4, 5, 6, 7, 8, 9, 10, 11, 12, 13, 14, 15, 17, 16, 19, 18, 21, 20, 23, 22, 25, 24, 27, 26, 29, 28, 31, 30, 34, 35, 32, 33, 38, 39, 36, 37, 42, 43, 40, 41, 46, 47, 44, 45, 51, 50, 49, 48, 55, 54, 53, 52, 59, 58, 57, 56, 63, 62, 61, 60, 68, 69, 70, 71, 64, 65, 66, 67, 76, 77, 78, 79, 72, 73, 74, 75, 85, 84, 87, 86, 81, 80, 83, 82, 93, 92, 95, 94, 89, 88, 91, 90, 102, 103, 100, 101, 98, 99, 96, 97, 110, 111, 108, 109, 106, 107, 104, 105, 119, 118, 117, 116, 115, 114, 113, 112, 127, 126, 125, 124, 123, 122, 121, 120, 137, 136, 139, 138, 141, 140, 143, 142, 129, 128, 131, 130, 133, 132, 135, 134, 152, 153, 154, 155, 156, 157, 158, 159, 144, 145, 146, 147, 148, 149, 150, 151, 171, 170, 169, 168, 175, 174, 173, 172, 163, 162, 161, 160, 167, 166, 165, 164, 178, 176, 177, 
		GEOMETRY:
			Total Meshes: 95
			Total Polygons: 545976
			   | Name                       | Material              | Polygons 
			===+============================+=======================+==========
			 1  'mesh_CityEngineMaterial'    'CityEngineMaterial_19'        19 
			 2  'mesh_CityEngineMaterial_1'  'CityEngineMaterial_2'        176 
			 3  'mesh_CityEngineMaterial_2'  'CityEngineMaterial_50'        24 
			 4  'mesh_Foliage__leafcard'     'Foliage__leafcard_1'        5760 
			 5  'mesh_CityEngineMaterial_3'  'CityEngineMaterial_67'      1318 
			 6  'mesh_CityEngineMaterial_4'  'CityEngineMaterial_60'        19 
			 7  'mesh_CityEngineMaterial_5'  'CityEngineMaterial_55'        18 
			 8  'mesh_CityEngineMaterial_6'  'CityEngineMaterial_57'        22 
			 9  'mesh_CityEngineMaterial_7'  'CityEngineMaterial_58'        23 
			10  'mesh_CityEngineMaterial_8'  'CityEngineMaterial_56'        21 
			11  'mesh_CityEngineMaterial_9'  'CityEngineMaterial_14'        26 
			12  'mesh_CityEngineMaterial_10' 'CityEngineMaterial_46'        62 
			13  'mesh_Bark'                  'Bark_5'                    27830 
			14  'mesh_CityEngineMaterial_11' 'CityEngineMaterial_24'        26 
			15  'mesh_CityEngineMaterial_12' 'CityEngineMaterial_59'        17 
			16  'mesh_CityEngineMaterial_13' 'CityEngineMaterial_28'        68 
			17  'mesh_CityEngineMaterial_14' 'CityEngineMaterial_1'       1981 
			18  'mesh_CityEngineMaterial_15' 'CityEngineMaterial_22'       111 
			19  'mesh_CityEngineMaterial_16' 'CityEngineMaterial_26'      3851 
			20  'mesh_Foliage'               'Foliage'                   58395 
			21  'mesh_CityEngineMaterial_17' 'CityEngineMaterial_4'         61 
			22  'mesh_CityEngineMaterial_18' 'CityEngineMaterial_75'         1 
			23  'mesh_CityEngineMaterial_19' 'CityEngineMaterial_11'         4 
			24  'mesh_CityEngineMaterial_20' 'CityEngineMaterial_23'       563 
			25  'mesh_CityEngineMaterial_21' 'CityEngineMaterial_74'         1 
			26  'mesh_CityEngineMaterial_22' 'CityEngineMaterial_69'        10 
			27  'mesh_CityEngineMaterial_23' 'CityEngineMaterial_68'         4 
			28  'mesh_CityEngineMaterial_24' 'CityEngineMaterial_71'         7 
			29  'mesh_CityEngineMaterial_25' 'CityEngineMaterial_72'         8 
			30  'mesh_CityEngineMaterial_26' 'CityEngineMaterial_73'         7 
			31  'mesh_CityEngineMaterial_27' 'CityEngineMaterial_70'        12 
			32  'mesh_CityEngineMaterial_28' 'CityEngineMaterial_5'        333 
			33  'mesh_Foliage__leafcard_1'   'Foliage__leafcard_2'       13572 
			34  'mesh_CityEngineMaterial_29' 'CityEngineMaterial_66'       100 
			35  'mesh_CityEngineMaterial_30' 'CityEngineMaterial_15'         3 
			36  'mesh_CityEngineMaterial_31' 'CityEngineMaterial_27'      4801 
			37  'mesh_Foliage__leafcard_2'   'Foliage__leafcard'         20748 
			38  'mesh_CityEngineMaterial_32' 'CityEngineMaterial_18'        23 
			39  'mesh_CityEngineMaterial_33' 'CityEngineMaterial_21'        24 
			40  'mesh_CityEngineMaterial_34' 'CityEngineMaterial_16'        18 
			41  'mesh_Default'               'Default'                  173972 
			42  'mesh_Bark_1'                'Bark_1'                    15744 
			43  'mesh_CityEngineMaterial_35' 'CityEngineMaterial_30'        16 
			44  'mesh_CityEngineMaterial_36' 'CityEngineMaterial_44'      1085 
			45  'mesh_CityEngineMaterial_37' 'CityEngineMaterial_20'        16 
			46  'mesh_CityEngineMaterial_38' 'CityEngineMaterial_13'         3 
			47  'mesh_CityEngineMaterial_39' 'CityEngineMaterial_12'         4 
			48  'mesh_CityEngineMaterial_40' 'CityEngineMaterial_25'      2538 
			49  'mesh_CityEngineMaterial_41' 'CityEngineMaterial_35'      6777 
			50  'mesh_CityEngineMaterial_42' 'CityEngineMaterial_42'     10276 
			51  'mesh_CityEngineMaterial_43' 'CityEngineMaterial_8'         52 
			52  'mesh_CityEngineMaterial_44' 'CityEngineMaterial_9'          1 
			53  'mesh_CityEngineMaterial_45' 'CityEngineMaterial_7'         74 
			54  'mesh_CityEngineMaterial_46' 'CityEngineMaterial_17'       598 
			55  'mesh_CityEngineMaterial_47' 'CityEngineMaterial_62'        23 
			56  'mesh_CityEngineMaterial_48' 'CityEngineMaterial_65'        11 
			57  'mesh_CityEngineMaterial_49' 'CityEngineMaterial_63'        17 
			58  'mesh_CityEngineMaterial_50' 'CityEngineMaterial_61'         8 
			59  'mesh_lwp00022SG'            'lwp00022SG'                 2790 
			60  'mesh_CityEngineMaterial_51' 'CityEngineMaterial_54'      4692 
			61  'mesh_CityEngineMaterial_52' 'CityEngineMaterial_34'        10 
			62  'mesh_lwpg0101SG'            'lwpg0101SG'                 1331 
			63  'mesh_Foliage__leafcard_3'   'Foliage__leafcard_5'        1683 
			64  'mesh_lwpg0100SG'            'lwpg0100SG'                 1556 
			65  'mesh_Bark_2'                'Bark_2'                    82418 
			66  'mesh_CityEngineMaterial_53' 'CityEngineMaterial_6'         69 
			67  'mesh_Foliage__leafcard_4'   'Foliage__leafcard_4'        3264 
			68  'mesh_lwpg0063SG'            'lwpg0063SG'                 2298 
			69  'mesh_CityEngineMaterial_54' 'CityEngineMaterial_39'         4 
			70  'mesh_CityEngineMaterial_55' 'CityEngineMaterial_37'         6 
			71  'mesh_CityEngineMaterial_56' 'CityEngineMaterial_40'         5 
			72  'mesh_CityEngineMaterial_57' 'CityEngineMaterial_41'         5 
			73  'mesh_CityEngineMaterial_58' 'CityEngineMaterial_32'        17 
			74  'mesh_CityEngineMaterial_59' 'CityEngineMaterial_29'        11 
			75  'mesh_CityEngineMaterial_60' 'CityEngineMaterial_33'        13 
			76  'mesh_CityEngineMaterial_61' 'CityEngineMaterial_45'        13 
			77  'mesh_CityEngineMaterial_62' 'CityEngineMaterial_36'        10 
			78  'mesh_CityEngineMaterial_63' 'CityEngineMaterial_31'        15 
			79  'mesh_CityEngineMaterial_64' 'CityEngineMaterial_53'        11 
			80  'mesh_CityEngineMaterial_65' 'CityEngineMaterial_51'        14 
			81  'mesh_CityEngineMaterial_66' 'CityEngineMaterial_49'        15 
			82  'mesh_CityEngineMaterial_67' 'CityEngineMaterial_48'        21 
			83  'mesh_Bark_3'                'Bark_3'                     1802 
			84  'mesh_CityEngineMaterial_68' 'CityEngineMaterial_38'         6 
			85  'mesh_CityEngineMaterial_69' 'CityEngineMaterial_10'         2 
			86  'mesh_CityEngineMaterial_70' 'CityEngineMaterial_52'        23 
			87  'mesh_CityEngineMaterial_71' 'CityEngineMaterial_3'        747 
			88  'mesh_Foliage__leafcard_5'   'Foliage__leafcard_3'         546 
			89  'mesh_CityEngineMaterial_72' 'CityEngineMaterial_64'        85 
			90  'mesh_Bark_4'                'Bark'                      68476 
			91  'mesh_Bark_5'                'Bark_4'                    16575 
			92  'mesh_CityEngineMaterial_73' 'CityEngineMaterial_47'      3822 
			93  'mesh_CityEngineMaterial_74' 'CityEngineMaterial_43'        11 
			94  'mesh_lwpg0061'              'lwpg0061'                   1933 
			95  'mesh_CityEngineMaterial_75' 'CityEngineMaterial'          395 
	'MiniCity.mtl':
		MATERIAL:
			Total Materials: 95
			   | Name                  | Texture_0                              | Texture_1                          
			===+=======================+========================================+====================================
			 1  'CityEngineMaterial_5'  'asphalt2.jpg'                           ''                                  
			 2  'Foliage__leafcard_4'   'OrangeTree_Foliage_Diffuse.png'         'OrangeTree_Foliage_Diffuse.png'    
			 3  'CityEngineMaterial_62' 'Paver Grey Ashlar.jpg'                  ''                                  
			 4  'CityEngineMaterial_33' ''                                       ''                                  
			 5  'CityEngineMaterial_31' ''                                       ''                                  
			 6  'CityEngineMaterial_29' ''                                       ''                                  
			 7  'CityEngineMaterial_45' ''                                       ''                                  
			 8  'CityEngineMaterial_32' ''                                       ''                                  
			 9  'CityEngineMaterial_10' 'ParallelParkFront.jpg'                  ''                                  
			10  'CityEngineMaterial_3'  'Concrete Bright.jpg'                    ''                                  
			11  'CityEngineMaterial_11' 'street_1lanes_stripes.jpg'              ''                                  
			12  'Bark_4'                'OrangeTree_Bark_Diffuse.jpg'            ''                                  
			13  'Bark_3'                'Sassafras_Bark_Diffuse.jpg'             ''                                  
			14  'Bark_2'                'Ash_Bark_Diffuse.jpg'                   ''                                  
			15  'Foliage__leafcard_3'   'Sassafras_Foliage_Diffuse.png'          'Sassafras_Foliage_Diffuse.png'     
			16  'CityEngineMaterial_69' ''                                       ''                                  
			17  'CityEngineMaterial_1'  'curb.jpg'                               ''                                  
			18  'CityEngineMaterial_59' ''                                       ''                                  
			19  'CityEngineMaterial_57' ''                                       ''                                  
			20  'CityEngineMaterial_55' ''                                       ''                                  
			21  'CityEngineMaterial_58' ''                                       ''                                  
			22  'CityEngineMaterial_60' ''                                       ''                                  
			23  'CityEngineMaterial_56' ''                                       ''                                  
			24  'Foliage__leafcard_5'   'AlderBuckthorn_Foliage_Diffuse.png'     'AlderBuckthorn_Foliage_Diffuse.png'
			25  'CityEngineMaterial_20' 'Paver Grey Ashlar.jpg'                  ''                                  
			26  'CityEngineMaterial_24' 'Flat Metal 1.jpg'                       ''                                  
			27  'Bark_5'                'AlderBuckthorn_Bark_Diffuse.jpg'        ''                                  
			28  'CityEngineMaterial_19' 'Concrete Bright.jpg'                    ''                                  
			29  'CityEngineMaterial_46' 'Gravel.jpg'                             ''                                  
			30  'CityEngineMaterial_35' ''                                       ''                                  
			31  'CityEngineMaterial_14' 'ParallelParkMid.jpg'                    ''                                  
			32  'CityEngineMaterial_66' 'Hedge Standard Dense.jpg'               ''                                  
			33  'CityEngineMaterial_16' 'street_1lanes_arrows.jpg'               ''                                  
			34  'Foliage__leafcard_2'   'Ash_Foliage_Diffuse.png'                'Ash_Foliage_Diffuse.png'           
			35  'CityEngineMaterial_26' ''                                       ''                                  
			36  'Foliage'               'OrangeTree_Foliage_Diffuse.png'         'OrangeTree_Foliage_Diffuse.png'    
			37  'CityEngineMaterial_2'  'Concrete Old.jpg'                       ''                                  
			38  'Foliage__leafcard_1'   'Sweetgum_Foliage_Diffuse.png'           'Sweetgum_Foliage_Diffuse.png'      
			39  'CityEngineMaterial_61' 'street_1bike_plain.jpg'                 ''                                  
			40  'CityEngineMaterial_34' 'Shingle Black.jpg'                      ''                                  
			41  'CityEngineMaterial_12' 'street_2lanes_stripes.jpg'              ''                                  
			42  'CityEngineMaterial_54' 'Brick Brown No Mortar Running Bond.jpg' ''                                  
			43  'CityEngineMaterial_47' 'Stucco Redlands Brown.jpg'              ''                                  
			44  'CityEngineMaterial_23' ''                                       ''                                  
			45  'Foliage__leafcard'     'Sassafras_Foliage_Diffuse_1.png'        'Sassafras_Foliage_Diffuse_1.png'   
			46  'CityEngineMaterial_15' 'ParallelParkFront.jpg'                  ''                                  
			47  'Default'               'lamp.png'                               ''                                  
			48  'CityEngineMaterial_13' 'ParallelParkRear.jpg'                   ''                                  
			49  'CityEngineMaterial_50' ''                                       ''                                  
			50  'CityEngineMaterial_6'  'street_1lanes_stripes.jpg'              ''                                  
			51  'CityEngineMaterial_17' ''                                       ''                                  
			52  'CityEngineMaterial_65' 'Lawn 1.jpg'                             ''                                  
			53  'CityEngineMaterial_63' 'Lawn 2.jpg'                             ''                                  
			54  'CityEngineMaterial_52' ''                                       ''                                  
			55  'CityEngineMaterial_51' ''                                       ''                                  
			56  'CityEngineMaterial_48' ''                                       ''                                  
			57  'CityEngineMaterial_53' ''                                       ''                                  
			58  'CityEngineMaterial_49' ''                                       ''                                  
			59  'CityEngineMaterial_43' 'Flat Metal 15.jpg'                      ''                                  
			60  'CityEngineMaterial_22' 'Hedge Standard.jpg'                     ''                                  
			61  'CityEngineMaterial_27' ''                                       ''                                  
			62  'CityEngineMaterial_28' ''                                       ''                                  
			63  'CityEngineMaterial_7'  'Lawn 1_1.jpg'                           ''                                  
			64  'CityEngineMaterial_8'  'Lawn 2_1.jpg'                           ''                                  
			65  'lwp00022SG'            'lwpg0022.jpg'                           ''                                  
			66  'CityEngineMaterial_71' ''                                       ''                                  
			67  'CityEngineMaterial_72' ''                                       ''                                  
			68  'CityEngineMaterial_70' ''                                       ''                                  
			69  'CityEngineMaterial_73' ''                                       ''                                  
			70  'CityEngineMaterial_68' ''                                       ''                                  
			71  'lwpg0101SG'            'lwpg0101.jpg'                           ''                                  
			72  'CityEngineMaterial_4'  'crosswalk_us2.jpg'                      ''                                  
			73  'lwpg0100SG'            'lwpg0100.jpg'                           ''                                  
			74  'CityEngineMaterial_75' 'street_2lanes_arrows.jpg'               ''                                  
			75  'Bark_1'                'Sweetgum_Bark_Diffuse.jpg'              ''                                  
			76  'CityEngineMaterial_9'  'ParallelParkRear.jpg'                   ''                                  
			77  'lwpg0063SG'            'lwpg0063.jpg'                           ''                                  
			78  'CityEngineMaterial_44' 'Brick Varied Brown Running Bond.jpg'    ''                                  
			79  'CityEngineMaterial_74' 'street_2lanes_stripes.jpg'              ''                                  
			80  'CityEngineMaterial_36' ''                                       ''                                  
			81  'CityEngineMaterial_42' ''                                       ''                                  
			82  'CityEngineMaterial_21' 'Lawn 1.jpg'                             ''                                  
			83  'CityEngineMaterial_18' 'Lawn 2.jpg'                             ''                                  
			84  'CityEngineMaterial_38' ''                                       ''                                  
			85  'CityEngineMaterial_40' ''                                       ''                                  
			86  'CityEngineMaterial_39' ''                                       ''                                  
			87  'CityEngineMaterial_37' ''                                       ''                                  
			88  'CityEngineMaterial_41' ''                                       ''                                  
			89  'CityEngineMaterial_25' 'Brick Red No Mortar Running Bond.jpg'   ''                                  
			90  'Bark'                  'Sassafras_Bark_Diffuse.jpg'             ''                                  
			91  'CityEngineMaterial_67' 'Stucco Redlands White.jpg'              ''                                  
			92  'lwpg0061'              'lwpg0048.jpg'                           ''                                  
			93  'CityEngineMaterial_30' ''                                       ''                                  
			94  'CityEngineMaterial'    'asphalt2.jpg'                           ''                                  
			95  'CityEngineMaterial_64' 'Hedge Standard.jpg'                     ''                                  